<?xml version="1.0" encoding="UTF-8"?>
<testsuite xmlns:xsi="http://www.w3.org/2001/XMLSchema-instance" xsi:noNamespaceSchemaLocation="https://maven.apache.org/surefire/maven-surefire-plugin/xsd/surefire-test-report-3.0.xsd" version="3.0" name="db.ContextTest" time="11.781" tests="2" errors="0" skipped="0" failures="0">
  <properties>
    <property name="java.specification.version" value="17"/>
    <property name="sun.cpu.isalist" value="amd64"/>
    <property name="sun.jnu.encoding" value="Cp1252"/>
    <property name="java.class.path" value="C:\Users\mica1\Desktop\tp-grupo-5-tests-mica\target\test-classes;C:\Users\mica1\Desktop\tp-grupo-5-tests-mica\target\classes;C:\Users\mica1\.m2\repository\org\junit\jupiter\junit-jupiter-engine\5.9.2\junit-jupiter-engine-5.9.2.jar;C:\Users\mica1\.m2\repository\org\junit\platform\junit-platform-engine\1.9.2\junit-platform-engine-1.9.2.jar;C:\Users\mica1\.m2\repository\org\opentest4j\opentest4j\1.2.0\opentest4j-1.2.0.jar;C:\Users\mica1\.m2\repository\org\junit\platform\junit-platform-commons\1.9.2\junit-platform-commons-1.9.2.jar;C:\Users\mica1\.m2\repository\org\junit\jupiter\junit-jupiter-api\5.9.2\junit-jupiter-api-5.9.2.jar;C:\Users\mica1\.m2\repository\org\apiguardian\apiguardian-api\1.1.2\apiguardian-api-1.1.2.jar;C:\Users\mica1\.m2\repository\org\projectlombok\lombok\1.18.26\lombok-1.18.26.jar;C:\Users\mica1\.m2\repository\com\squareup\retrofit2\retrofit\2.9.0\retrofit-2.9.0.jar;C:\Users\mica1\.m2\repository\com\squareup\okhttp3\okhttp\3.14.9\okhttp-3.14.9.jar;C:\Users\mica1\.m2\repository\com\squareup\okio\okio\1.17.2\okio-1.17.2.jar;C:\Users\mica1\.m2\repository\com\squareup\retrofit2\converter-gson\2.9.0\converter-gson-2.9.0.jar;C:\Users\mica1\.m2\repository\com\google\code\gson\gson\2.8.5\gson-2.8.5.jar;C:\Users\mica1\.m2\repository\org\apache\commons\commons-csv\1.10.0\commons-csv-1.10.0.jar;C:\Users\mica1\.m2\repository\org\mockito\mockito-core\5.4.0\mockito-core-5.4.0.jar;C:\Users\mica1\.m2\repository\net\bytebuddy\byte-buddy\1.14.5\byte-buddy-1.14.5.jar;C:\Users\mica1\.m2\repository\net\bytebuddy\byte-buddy-agent\1.14.5\byte-buddy-agent-1.14.5.jar;C:\Users\mica1\.m2\repository\org\objenesis\objenesis\3.3\objenesis-3.3.jar;C:\Users\mica1\.m2\repository\org\apache\commons\commons-email\1.5\commons-email-1.5.jar;C:\Users\mica1\.m2\repository\com\sun\mail\javax.mail\1.5.6\javax.mail-1.5.6.jar;C:\Users\mica1\.m2\repository\javax\activation\activation\1.1\activation-1.1.jar;C:\Users\mica1\.m2\repository\com\twilio\sdk\twilio\9.8.0\twilio-9.8.0.jar;C:\Users\mica1\.m2\repository\commons-codec\commons-codec\1.15\commons-codec-1.15.jar;C:\Users\mica1\.m2\repository\commons-io\commons-io\2.7\commons-io-2.7.jar;C:\Users\mica1\.m2\repository\io\jsonwebtoken\jjwt-api\0.11.2\jjwt-api-0.11.2.jar;C:\Users\mica1\.m2\repository\io\jsonwebtoken\jjwt-jackson\0.11.2\jjwt-jackson-0.11.2.jar;C:\Users\mica1\.m2\repository\io\jsonwebtoken\jjwt-impl\0.11.2\jjwt-impl-0.11.2.jar;C:\Users\mica1\.m2\repository\org\apache\httpcomponents\httpclient\4.5.13\httpclient-4.5.13.jar;C:\Users\mica1\.m2\repository\commons-logging\commons-logging\1.2\commons-logging-1.2.jar;C:\Users\mica1\.m2\repository\org\apache\httpcomponents\httpcore\4.4.13\httpcore-4.4.13.jar;C:\Users\mica1\.m2\repository\com\fasterxml\jackson\core\jackson-core\2.14.0\jackson-core-2.14.0.jar;C:\Users\mica1\.m2\repository\com\fasterxml\jackson\core\jackson-annotations\2.14.0\jackson-annotations-2.14.0.jar;C:\Users\mica1\.m2\repository\com\fasterxml\jackson\datatype\jackson-datatype-jsr310\2.14.0\jackson-datatype-jsr310-2.14.0.jar;C:\Users\mica1\.m2\repository\com\fasterxml\jackson\dataformat\jackson-dataformat-xml\2.14.0\jackson-dataformat-xml-2.14.0.jar;C:\Users\mica1\.m2\repository\org\codehaus\woodstox\stax2-api\4.2.1\stax2-api-4.2.1.jar;C:\Users\mica1\.m2\repository\com\fasterxml\woodstox\woodstox-core\6.4.0\woodstox-core-6.4.0.jar;C:\Users\mica1\.m2\repository\org\slf4j\slf4j-api\1.7.30\slf4j-api-1.7.30.jar;C:\Users\mica1\.m2\repository\io\github\flbulgarelli\jpa-extras\1.0.0-rc1\jpa-extras-1.0.0-rc1.jar;C:\Users\mica1\.m2\repository\org\hibernate\hibernate-entitymanager\5.6.12.Final\hibernate-entitymanager-5.6.12.Final.jar;C:\Users\mica1\.m2\repository\org\jboss\logging\jboss-logging\3.4.3.Final\jboss-logging-3.4.3.Final.jar;C:\Users\mica1\.m2\repository\org\hibernate\hibernate-core\5.6.12.Final\hibernate-core-5.6.12.Final.jar;C:\Users\mica1\.m2\repository\antlr\antlr\2.7.7\antlr-2.7.7.jar;C:\Users\mica1\.m2\repository\org\jboss\jandex\2.4.2.Final\jandex-2.4.2.Final.jar;C:\Users\mica1\.m2\repository\com\fasterxml\classmate\1.5.1\classmate-1.5.1.jar;C:\Users\mica1\.m2\repository\javax\activation\javax.activation-api\1.2.0\javax.activation-api-1.2.0.jar;C:\Users\mica1\.m2\repository\javax\xml\bind\jaxb-api\2.3.1\jaxb-api-2.3.1.jar;C:\Users\mica1\.m2\repository\org\glassfish\jaxb\jaxb-runtime\2.3.1\jaxb-runtime-2.3.1.jar;C:\Users\mica1\.m2\repository\org\glassfish\jaxb\txw2\2.3.1\txw2-2.3.1.jar;C:\Users\mica1\.m2\repository\com\sun\istack\istack-commons-runtime\3.0.7\istack-commons-runtime-3.0.7.jar;C:\Users\mica1\.m2\repository\org\jvnet\staxex\stax-ex\1.8\stax-ex-1.8.jar;C:\Users\mica1\.m2\repository\com\sun\xml\fastinfoset\FastInfoset\1.2.15\FastInfoset-1.2.15.jar;C:\Users\mica1\.m2\repository\org\hibernate\common\hibernate-commons-annotations\5.1.2.Final\hibernate-commons-annotations-5.1.2.Final.jar;C:\Users\mica1\.m2\repository\javax\persistence\javax.persistence-api\2.2\javax.persistence-api-2.2.jar;C:\Users\mica1\.m2\repository\org\jboss\spec\javax\transaction\jboss-transaction-api_1.2_spec\1.1.1.Final\jboss-transaction-api_1.2_spec-1.1.1.Final.jar;C:\Users\mica1\.m2\repository\mysql\mysql-connector-java\8.0.28\mysql-connector-java-8.0.28.jar;C:\Users\mica1\.m2\repository\com\google\protobuf\protobuf-java\3.11.4\protobuf-java-3.11.4.jar;C:\Users\mica1\.m2\repository\org\hsqldb\hsqldb\2.4.0\hsqldb-2.4.0.jar;C:\Users\mica1\.m2\repository\io\javalin\javalin\5.6.1\javalin-5.6.1.jar;C:\Users\mica1\.m2\repository\org\jetbrains\annotations\24.0.1\annotations-24.0.1.jar;C:\Users\mica1\.m2\repository\org\eclipse\jetty\jetty-server\11.0.15\jetty-server-11.0.15.jar;C:\Users\mica1\.m2\repository\org\eclipse\jetty\toolchain\jetty-jakarta-servlet-api\5.0.2\jetty-jakarta-servlet-api-5.0.2.jar;C:\Users\mica1\.m2\repository\org\eclipse\jetty\jetty-http\11.0.15\jetty-http-11.0.15.jar;C:\Users\mica1\.m2\repository\org\eclipse\jetty\jetty-util\11.0.15\jetty-util-11.0.15.jar;C:\Users\mica1\.m2\repository\org\eclipse\jetty\jetty-io\11.0.15\jetty-io-11.0.15.jar;C:\Users\mica1\.m2\repository\org\eclipse\jetty\jetty-webapp\11.0.15\jetty-webapp-11.0.15.jar;C:\Users\mica1\.m2\repository\org\eclipse\jetty\jetty-servlet\11.0.15\jetty-servlet-11.0.15.jar;C:\Users\mica1\.m2\repository\org\eclipse\jetty\jetty-security\11.0.15\jetty-security-11.0.15.jar;C:\Users\mica1\.m2\repository\org\eclipse\jetty\jetty-xml\11.0.15\jetty-xml-11.0.15.jar;C:\Users\mica1\.m2\repository\org\eclipse\jetty\websocket\websocket-jetty-server\11.0.15\websocket-jetty-server-11.0.15.jar;C:\Users\mica1\.m2\repository\org\eclipse\jetty\websocket\websocket-jetty-common\11.0.15\websocket-jetty-common-11.0.15.jar;C:\Users\mica1\.m2\repository\org\eclipse\jetty\websocket\websocket-core-common\11.0.15\websocket-core-common-11.0.15.jar;C:\Users\mica1\.m2\repository\org\eclipse\jetty\websocket\websocket-servlet\11.0.15\websocket-servlet-11.0.15.jar;C:\Users\mica1\.m2\repository\org\eclipse\jetty\websocket\websocket-core-server\11.0.15\websocket-core-server-11.0.15.jar;C:\Users\mica1\.m2\repository\org\eclipse\jetty\jetty-annotations\11.0.15\jetty-annotations-11.0.15.jar;C:\Users\mica1\.m2\repository\org\eclipse\jetty\jetty-plus\11.0.15\jetty-plus-11.0.15.jar;C:\Users\mica1\.m2\repository\jakarta\transaction\jakarta.transaction-api\2.0.0\jakarta.transaction-api-2.0.0.jar;C:\Users\mica1\.m2\repository\org\eclipse\jetty\jetty-jndi\11.0.15\jetty-jndi-11.0.15.jar;C:\Users\mica1\.m2\repository\jakarta\annotation\jakarta.annotation-api\2.1.1\jakarta.annotation-api-2.1.1.jar;C:\Users\mica1\.m2\repository\org\ow2\asm\asm\9.5\asm-9.5.jar;C:\Users\mica1\.m2\repository\org\ow2\asm\asm-commons\9.5\asm-commons-9.5.jar;C:\Users\mica1\.m2\repository\org\ow2\asm\asm-tree\9.5\asm-tree-9.5.jar;C:\Users\mica1\.m2\repository\org\eclipse\jetty\websocket\websocket-jetty-api\11.0.15\websocket-jetty-api-11.0.15.jar;C:\Users\mica1\.m2\repository\org\jetbrains\kotlin\kotlin-stdlib-jdk8\1.8.21\kotlin-stdlib-jdk8-1.8.21.jar;C:\Users\mica1\.m2\repository\org\jetbrains\kotlin\kotlin-stdlib\1.8.21\kotlin-stdlib-1.8.21.jar;C:\Users\mica1\.m2\repository\org\jetbrains\kotlin\kotlin-stdlib-common\1.8.21\kotlin-stdlib-common-1.8.21.jar;C:\Users\mica1\.m2\repository\org\jetbrains\kotlin\kotlin-stdlib-jdk7\1.8.21\kotlin-stdlib-jdk7-1.8.21.jar;C:\Users\mica1\.m2\repository\org\slf4j\slf4j-simple\2.0.7\slf4j-simple-2.0.7.jar;C:\Users\mica1\.m2\repository\com\fasterxml\jackson\core\jackson-databind\2.15.1\jackson-databind-2.15.1.jar;C:\Users\mica1\.m2\repository\com\github\jknack\handlebars\4.3.1\handlebars-4.3.1.jar;C:\Users\mica1\.m2\repository\org\apache\maven\plugins\maven-assembly-plugin\3.6.0\maven-assembly-plugin-3.6.0.jar;C:\Users\mica1\.m2\repository\org\apache\maven\shared\maven-common-artifact-filters\3.3.2\maven-common-artifact-filters-3.3.2.jar;C:\Users\mica1\.m2\repository\org\codehaus\plexus\plexus-interpolation\1.26\plexus-interpolation-1.26.jar;C:\Users\mica1\.m2\repository\org\apache\maven\shared\maven-filtering\3.3.1\maven-filtering-3.3.1.jar;C:\Users\mica1\.m2\repository\javax\inject\javax.inject\1\javax.inject-1.jar;C:\Users\mica1\.m2\repository\org\sonatype\plexus\plexus-build-api\0.0.7\plexus-build-api-0.0.7.jar;C:\Users\mica1\.m2\repository\org\codehaus\plexus\plexus-io\3.4.1\plexus-io-3.4.1.jar;C:\Users\mica1\.m2\repository\org\codehaus\plexus\plexus-archiver\4.7.1\plexus-archiver-4.7.1.jar;C:\Users\mica1\.m2\repository\org\apache\commons\commons-compress\1.23.0\commons-compress-1.23.0.jar;C:\Users\mica1\.m2\repository\org\iq80\snappy\snappy\0.4\snappy-0.4.jar;C:\Users\mica1\.m2\repository\org\tukaani\xz\1.9\xz-1.9.jar;C:\Users\mica1\.m2\repository\com\github\luben\zstd-jni\1.5.5-2\zstd-jni-1.5.5-2.jar;C:\Users\mica1\.m2\repository\org\apache\maven\maven-archiver\3.6.0\maven-archiver-3.6.0.jar;C:\Users\mica1\.m2\repository\org\codehaus\plexus\plexus-utils\3.5.1\plexus-utils-3.5.1.jar;"/>
    <property name="java.vm.vendor" value="Oracle Corporation"/>
    <property name="sun.arch.data.model" value="64"/>
    <property name="user.variant" value=""/>
    <property name="java.vendor.url" value="https://java.oracle.com/"/>
    <property name="user.timezone" value="America/Buenos_Aires"/>
    <property name="user.country.format" value="AR"/>
    <property name="os.name" value="Windows 11"/>
    <property name="java.vm.specification.version" value="17"/>
    <property name="sun.java.launcher" value="SUN_STANDARD"/>
    <property name="user.country" value="US"/>
    <property name="sun.boot.library.path" value="C:\Program Files\Java\jdk-17\bin"/>
    <property name="sun.java.command" value="C:\Users\mica1\AppData\Local\Temp\surefire218229034562573632\surefirebooter-20240221234434072_3.jar C:\Users\mica1\AppData\Local\Temp\surefire218229034562573632 2024-02-21T23-44-33_856-jvmRun1 surefire-20240221234434072_1tmp surefire_0-20240221234434072_2tmp"/>
    <property name="jdk.debug" value="release"/>
    <property name="surefire.test.class.path" value="C:\Users\mica1\Desktop\tp-grupo-5-tests-mica\target\test-classes;C:\Users\mica1\Desktop\tp-grupo-5-tests-mica\target\classes;C:\Users\mica1\.m2\repository\org\junit\jupiter\junit-jupiter-engine\5.9.2\junit-jupiter-engine-5.9.2.jar;C:\Users\mica1\.m2\repository\org\junit\platform\junit-platform-engine\1.9.2\junit-platform-engine-1.9.2.jar;C:\Users\mica1\.m2\repository\org\opentest4j\opentest4j\1.2.0\opentest4j-1.2.0.jar;C:\Users\mica1\.m2\repository\org\junit\platform\junit-platform-commons\1.9.2\junit-platform-commons-1.9.2.jar;C:\Users\mica1\.m2\repository\org\junit\jupiter\junit-jupiter-api\5.9.2\junit-jupiter-api-5.9.2.jar;C:\Users\mica1\.m2\repository\org\apiguardian\apiguardian-api\1.1.2\apiguardian-api-1.1.2.jar;C:\Users\mica1\.m2\repository\org\projectlombok\lombok\1.18.26\lombok-1.18.26.jar;C:\Users\mica1\.m2\repository\com\squareup\retrofit2\retrofit\2.9.0\retrofit-2.9.0.jar;C:\Users\mica1\.m2\repository\com\squareup\okhttp3\okhttp\3.14.9\okhttp-3.14.9.jar;C:\Users\mica1\.m2\repository\com\squareup\okio\okio\1.17.2\okio-1.17.2.jar;C:\Users\mica1\.m2\repository\com\squareup\retrofit2\converter-gson\2.9.0\converter-gson-2.9.0.jar;C:\Users\mica1\.m2\repository\com\google\code\gson\gson\2.8.5\gson-2.8.5.jar;C:\Users\mica1\.m2\repository\org\apache\commons\commons-csv\1.10.0\commons-csv-1.10.0.jar;C:\Users\mica1\.m2\repository\org\mockito\mockito-core\5.4.0\mockito-core-5.4.0.jar;C:\Users\mica1\.m2\repository\net\bytebuddy\byte-buddy\1.14.5\byte-buddy-1.14.5.jar;C:\Users\mica1\.m2\repository\net\bytebuddy\byte-buddy-agent\1.14.5\byte-buddy-agent-1.14.5.jar;C:\Users\mica1\.m2\repository\org\objenesis\objenesis\3.3\objenesis-3.3.jar;C:\Users\mica1\.m2\repository\org\apache\commons\commons-email\1.5\commons-email-1.5.jar;C:\Users\mica1\.m2\repository\com\sun\mail\javax.mail\1.5.6\javax.mail-1.5.6.jar;C:\Users\mica1\.m2\repository\javax\activation\activation\1.1\activation-1.1.jar;C:\Users\mica1\.m2\repository\com\twilio\sdk\twilio\9.8.0\twilio-9.8.0.jar;C:\Users\mica1\.m2\repository\commons-codec\commons-codec\1.15\commons-codec-1.15.jar;C:\Users\mica1\.m2\repository\commons-io\commons-io\2.7\commons-io-2.7.jar;C:\Users\mica1\.m2\repository\io\jsonwebtoken\jjwt-api\0.11.2\jjwt-api-0.11.2.jar;C:\Users\mica1\.m2\repository\io\jsonwebtoken\jjwt-jackson\0.11.2\jjwt-jackson-0.11.2.jar;C:\Users\mica1\.m2\repository\io\jsonwebtoken\jjwt-impl\0.11.2\jjwt-impl-0.11.2.jar;C:\Users\mica1\.m2\repository\org\apache\httpcomponents\httpclient\4.5.13\httpclient-4.5.13.jar;C:\Users\mica1\.m2\repository\commons-logging\commons-logging\1.2\commons-logging-1.2.jar;C:\Users\mica1\.m2\repository\org\apache\httpcomponents\httpcore\4.4.13\httpcore-4.4.13.jar;C:\Users\mica1\.m2\repository\com\fasterxml\jackson\core\jackson-core\2.14.0\jackson-core-2.14.0.jar;C:\Users\mica1\.m2\repository\com\fasterxml\jackson\core\jackson-annotations\2.14.0\jackson-annotations-2.14.0.jar;C:\Users\mica1\.m2\repository\com\fasterxml\jackson\datatype\jackson-datatype-jsr310\2.14.0\jackson-datatype-jsr310-2.14.0.jar;C:\Users\mica1\.m2\repository\com\fasterxml\jackson\dataformat\jackson-dataformat-xml\2.14.0\jackson-dataformat-xml-2.14.0.jar;C:\Users\mica1\.m2\repository\org\codehaus\woodstox\stax2-api\4.2.1\stax2-api-4.2.1.jar;C:\Users\mica1\.m2\repository\com\fasterxml\woodstox\woodstox-core\6.4.0\woodstox-core-6.4.0.jar;C:\Users\mica1\.m2\repository\org\slf4j\slf4j-api\1.7.30\slf4j-api-1.7.30.jar;C:\Users\mica1\.m2\repository\io\github\flbulgarelli\jpa-extras\1.0.0-rc1\jpa-extras-1.0.0-rc1.jar;C:\Users\mica1\.m2\repository\org\hibernate\hibernate-entitymanager\5.6.12.Final\hibernate-entitymanager-5.6.12.Final.jar;C:\Users\mica1\.m2\repository\org\jboss\logging\jboss-logging\3.4.3.Final\jboss-logging-3.4.3.Final.jar;C:\Users\mica1\.m2\repository\org\hibernate\hibernate-core\5.6.12.Final\hibernate-core-5.6.12.Final.jar;C:\Users\mica1\.m2\repository\antlr\antlr\2.7.7\antlr-2.7.7.jar;C:\Users\mica1\.m2\repository\org\jboss\jandex\2.4.2.Final\jandex-2.4.2.Final.jar;C:\Users\mica1\.m2\repository\com\fasterxml\classmate\1.5.1\classmate-1.5.1.jar;C:\Users\mica1\.m2\repository\javax\activation\javax.activation-api\1.2.0\javax.activation-api-1.2.0.jar;C:\Users\mica1\.m2\repository\javax\xml\bind\jaxb-api\2.3.1\jaxb-api-2.3.1.jar;C:\Users\mica1\.m2\repository\org\glassfish\jaxb\jaxb-runtime\2.3.1\jaxb-runtime-2.3.1.jar;C:\Users\mica1\.m2\repository\org\glassfish\jaxb\txw2\2.3.1\txw2-2.3.1.jar;C:\Users\mica1\.m2\repository\com\sun\istack\istack-commons-runtime\3.0.7\istack-commons-runtime-3.0.7.jar;C:\Users\mica1\.m2\repository\org\jvnet\staxex\stax-ex\1.8\stax-ex-1.8.jar;C:\Users\mica1\.m2\repository\com\sun\xml\fastinfoset\FastInfoset\1.2.15\FastInfoset-1.2.15.jar;C:\Users\mica1\.m2\repository\org\hibernate\common\hibernate-commons-annotations\5.1.2.Final\hibernate-commons-annotations-5.1.2.Final.jar;C:\Users\mica1\.m2\repository\javax\persistence\javax.persistence-api\2.2\javax.persistence-api-2.2.jar;C:\Users\mica1\.m2\repository\org\jboss\spec\javax\transaction\jboss-transaction-api_1.2_spec\1.1.1.Final\jboss-transaction-api_1.2_spec-1.1.1.Final.jar;C:\Users\mica1\.m2\repository\mysql\mysql-connector-java\8.0.28\mysql-connector-java-8.0.28.jar;C:\Users\mica1\.m2\repository\com\google\protobuf\protobuf-java\3.11.4\protobuf-java-3.11.4.jar;C:\Users\mica1\.m2\repository\org\hsqldb\hsqldb\2.4.0\hsqldb-2.4.0.jar;C:\Users\mica1\.m2\repository\io\javalin\javalin\5.6.1\javalin-5.6.1.jar;C:\Users\mica1\.m2\repository\org\jetbrains\annotations\24.0.1\annotations-24.0.1.jar;C:\Users\mica1\.m2\repository\org\eclipse\jetty\jetty-server\11.0.15\jetty-server-11.0.15.jar;C:\Users\mica1\.m2\repository\org\eclipse\jetty\toolchain\jetty-jakarta-servlet-api\5.0.2\jetty-jakarta-servlet-api-5.0.2.jar;C:\Users\mica1\.m2\repository\org\eclipse\jetty\jetty-http\11.0.15\jetty-http-11.0.15.jar;C:\Users\mica1\.m2\repository\org\eclipse\jetty\jetty-util\11.0.15\jetty-util-11.0.15.jar;C:\Users\mica1\.m2\repository\org\eclipse\jetty\jetty-io\11.0.15\jetty-io-11.0.15.jar;C:\Users\mica1\.m2\repository\org\eclipse\jetty\jetty-webapp\11.0.15\jetty-webapp-11.0.15.jar;C:\Users\mica1\.m2\repository\org\eclipse\jetty\jetty-servlet\11.0.15\jetty-servlet-11.0.15.jar;C:\Users\mica1\.m2\repository\org\eclipse\jetty\jetty-security\11.0.15\jetty-security-11.0.15.jar;C:\Users\mica1\.m2\repository\org\eclipse\jetty\jetty-xml\11.0.15\jetty-xml-11.0.15.jar;C:\Users\mica1\.m2\repository\org\eclipse\jetty\websocket\websocket-jetty-server\11.0.15\websocket-jetty-server-11.0.15.jar;C:\Users\mica1\.m2\repository\org\eclipse\jetty\websocket\websocket-jetty-common\11.0.15\websocket-jetty-common-11.0.15.jar;C:\Users\mica1\.m2\repository\org\eclipse\jetty\websocket\websocket-core-common\11.0.15\websocket-core-common-11.0.15.jar;C:\Users\mica1\.m2\repository\org\eclipse\jetty\websocket\websocket-servlet\11.0.15\websocket-servlet-11.0.15.jar;C:\Users\mica1\.m2\repository\org\eclipse\jetty\websocket\websocket-core-server\11.0.15\websocket-core-server-11.0.15.jar;C:\Users\mica1\.m2\repository\org\eclipse\jetty\jetty-annotations\11.0.15\jetty-annotations-11.0.15.jar;C:\Users\mica1\.m2\repository\org\eclipse\jetty\jetty-plus\11.0.15\jetty-plus-11.0.15.jar;C:\Users\mica1\.m2\repository\jakarta\transaction\jakarta.transaction-api\2.0.0\jakarta.transaction-api-2.0.0.jar;C:\Users\mica1\.m2\repository\org\eclipse\jetty\jetty-jndi\11.0.15\jetty-jndi-11.0.15.jar;C:\Users\mica1\.m2\repository\jakarta\annotation\jakarta.annotation-api\2.1.1\jakarta.annotation-api-2.1.1.jar;C:\Users\mica1\.m2\repository\org\ow2\asm\asm\9.5\asm-9.5.jar;C:\Users\mica1\.m2\repository\org\ow2\asm\asm-commons\9.5\asm-commons-9.5.jar;C:\Users\mica1\.m2\repository\org\ow2\asm\asm-tree\9.5\asm-tree-9.5.jar;C:\Users\mica1\.m2\repository\org\eclipse\jetty\websocket\websocket-jetty-api\11.0.15\websocket-jetty-api-11.0.15.jar;C:\Users\mica1\.m2\repository\org\jetbrains\kotlin\kotlin-stdlib-jdk8\1.8.21\kotlin-stdlib-jdk8-1.8.21.jar;C:\Users\mica1\.m2\repository\org\jetbrains\kotlin\kotlin-stdlib\1.8.21\kotlin-stdlib-1.8.21.jar;C:\Users\mica1\.m2\repository\org\jetbrains\kotlin\kotlin-stdlib-common\1.8.21\kotlin-stdlib-common-1.8.21.jar;C:\Users\mica1\.m2\repository\org\jetbrains\kotlin\kotlin-stdlib-jdk7\1.8.21\kotlin-stdlib-jdk7-1.8.21.jar;C:\Users\mica1\.m2\repository\org\slf4j\slf4j-simple\2.0.7\slf4j-simple-2.0.7.jar;C:\Users\mica1\.m2\repository\com\fasterxml\jackson\core\jackson-databind\2.15.1\jackson-databind-2.15.1.jar;C:\Users\mica1\.m2\repository\com\github\jknack\handlebars\4.3.1\handlebars-4.3.1.jar;C:\Users\mica1\.m2\repository\org\apache\maven\plugins\maven-assembly-plugin\3.6.0\maven-assembly-plugin-3.6.0.jar;C:\Users\mica1\.m2\repository\org\apache\maven\shared\maven-common-artifact-filters\3.3.2\maven-common-artifact-filters-3.3.2.jar;C:\Users\mica1\.m2\repository\org\codehaus\plexus\plexus-interpolation\1.26\plexus-interpolation-1.26.jar;C:\Users\mica1\.m2\repository\org\apache\maven\shared\maven-filtering\3.3.1\maven-filtering-3.3.1.jar;C:\Users\mica1\.m2\repository\javax\inject\javax.inject\1\javax.inject-1.jar;C:\Users\mica1\.m2\repository\org\sonatype\plexus\plexus-build-api\0.0.7\plexus-build-api-0.0.7.jar;C:\Users\mica1\.m2\repository\org\codehaus\plexus\plexus-io\3.4.1\plexus-io-3.4.1.jar;C:\Users\mica1\.m2\repository\org\codehaus\plexus\plexus-archiver\4.7.1\plexus-archiver-4.7.1.jar;C:\Users\mica1\.m2\repository\org\apache\commons\commons-compress\1.23.0\commons-compress-1.23.0.jar;C:\Users\mica1\.m2\repository\org\iq80\snappy\snappy\0.4\snappy-0.4.jar;C:\Users\mica1\.m2\repository\org\tukaani\xz\1.9\xz-1.9.jar;C:\Users\mica1\.m2\repository\com\github\luben\zstd-jni\1.5.5-2\zstd-jni-1.5.5-2.jar;C:\Users\mica1\.m2\repository\org\apache\maven\maven-archiver\3.6.0\maven-archiver-3.6.0.jar;C:\Users\mica1\.m2\repository\org\codehaus\plexus\plexus-utils\3.5.1\plexus-utils-3.5.1.jar;"/>
    <property name="sun.cpu.endian" value="little"/>
    <property name="user.home" value="C:\Users\mica1"/>
    <property name="user.language" value="en"/>
    <property name="java.specification.vendor" value="Oracle Corporation"/>
    <property name="java.version.date" value="2023-07-18"/>
    <property name="java.home" value="C:\Program Files\Java\jdk-17"/>
    <property name="file.separator" value="\"/>
    <property name="basedir" value="C:\Users\mica1\Desktop\tp-grupo-5-tests-mica"/>
    <property name="java.vm.compressedOopsMode" value="32-bit"/>
    <property name="line.separator" value="&#10;"/>
    <property name="java.vm.specification.vendor" value="Oracle Corporation"/>
    <property name="java.specification.name" value="Java Platform API Specification"/>
    <property name="surefire.real.class.path" value="C:\Users\mica1\AppData\Local\Temp\surefire218229034562573632\surefirebooter-20240221234434072_3.jar"/>
    <property name="user.script" value=""/>
    <property name="sun.management.compiler" value="HotSpot 64-Bit Tiered Compilers"/>
    <property name="java.runtime.version" value="17.0.8+9-LTS-211"/>
    <property name="user.name" value="Mica"/>
    <property name="path.separator" value=";"/>
    <property name="os.version" value="10.0"/>
    <property name="java.runtime.name" value="Java(TM) SE Runtime Environment"/>
    <property name="file.encoding" value="Cp1252"/>
    <property name="java.vm.name" value="Java HotSpot(TM) 64-Bit Server VM"/>
    <property name="localRepository" value="C:\Users\mica1\.m2\repository"/>
    <property name="java.vendor.url.bug" value="https://bugreport.java.com/bugreport/"/>
    <property name="java.io.tmpdir" value="C:\Users\mica1\AppData\Local\Temp\"/>
    <property name="java.version" value="17.0.8"/>
    <property name="user.dir" value="C:\Users\mica1\Desktop\tp-grupo-5-tests-mica"/>
    <property name="os.arch" value="amd64"/>
    <property name="java.vm.specification.name" value="Java Virtual Machine Specification"/>
    <property name="user.language.format" value="es"/>
    <property name="sun.os.patch.level" value=""/>
    <property name="native.encoding" value="Cp1252"/>
    <property name="java.library.path" value="C:\Program Files\Java\jdk-17\bin;C:\WINDOWS\Sun\Java\bin;C:\WINDOWS\system32;C:\WINDOWS;C:\Program Files\Common Files\Oracle\Java\javapath;C:\Users\mica1\Downloads\apache-maven-3.9.4\bin;C:\WINDOWS\system32;C:\WINDOWS;C:\WINDOWS\System32\Wbem;C:\WINDOWS\System32\WindowsPowerShell\v1.0\;C:\WINDOWS\System32\OpenSSH\;C:\Program Files\Git\cmd;C:\Users\mica1\AppData\Local\Microsoft\WindowsApps;;C:\Program Files\JetBrains\IntelliJ IDEA 2023.2.1\bin;;C:\Users\mica1\AppData\Local\Programs\Microsoft VS Code\bin;."/>
    <property name="java.vm.info" value="mixed mode, sharing"/>
    <property name="java.vendor" value="Oracle Corporation"/>
    <property name="java.vm.version" value="17.0.8+9-LTS-211"/>
    <property name="sun.io.unicode.encoding" value="UnicodeLittle"/>
    <property name="java.class.version" value="61.0"/>
  </properties>
  <testcase name="contextUpWithTransaction" classname="db.ContextTest" time="11.45">
    <system-err><![CDATA[feb. 21, 2024 11:44:35 P. M. org.hibernate.jpa.internal.util.LogHelper logPersistenceUnitInformation
INFO: HHH000204: Processing PersistenceUnitInfo [name: simple-persistence-unit]
feb. 21, 2024 11:44:36 P. M. org.hibernate.Version logVersion
INFO: HHH000412: Hibernate ORM core version 5.6.12.Final
feb. 21, 2024 11:44:36 P. M. org.hibernate.annotations.common.reflection.java.JavaReflectionManager <clinit>
INFO: HCANN000001: Hibernate Commons Annotations {5.1.2.Final}
feb. 21, 2024 11:44:37 P. M. org.hibernate.engine.jdbc.connections.internal.DriverManagerConnectionProviderImpl configure
WARN: HHH10001002: Using Hibernate built-in connection pool (not for production use!)
feb. 21, 2024 11:44:37 P. M. org.hibernate.engine.jdbc.connections.internal.DriverManagerConnectionProviderImpl buildCreator
INFO: HHH10001005: using driver [com.mysql.cj.jdbc.Driver] at URL [jdbc:mysql://sql10.freemysqlhosting.net:3306/sql10685645]
feb. 21, 2024 11:44:37 P. M. org.hibernate.engine.jdbc.connections.internal.DriverManagerConnectionProviderImpl buildCreator
INFO: HHH10001001: Connection properties: {password=****, autocommit=true, user=sql10685645}
feb. 21, 2024 11:44:37 P. M. org.hibernate.engine.jdbc.connections.internal.DriverManagerConnectionProviderImpl buildCreator
INFO: HHH10001003: Autocommit mode: true
feb. 21, 2024 11:44:37 P. M. org.hibernate.engine.jdbc.connections.internal.DriverManagerConnectionProviderImpl$PooledConnections <init>
INFO: HHH000115: Hibernate connection pool size: 20 (min=1)
feb. 21, 2024 11:44:38 P. M. org.hibernate.dialect.Dialect <init>
INFO: HHH000400: Using dialect: org.hibernate.dialect.MySQL55Dialect
feb. 21, 2024 11:44:38 P. M. org.hibernate.type.descriptor.java.JavaTypeDescriptorRegistry checkEqualsAndHashCode
WARN: HHH000481: Encountered Java type [interface ar.edu.utn.frba.dds.models.incidentes.mediosNotificacion.MedioDeNotificacion] for which we could not locate a JavaTypeDescriptor and which does not appear to implement equals and/or hashCode.  This can lead to significant performance problems when performing equality/dirty checking involving this Java type.  Consider registering a custom JavaTypeDescriptor or at least implementing equals/hashCode.
feb. 21, 2024 11:44:46 P. M. org.hibernate.engine.transaction.jta.platform.internal.JtaPlatformInitiator initiateService
INFO: HHH000490: Using JtaPlatform implementation: [org.hibernate.engine.transaction.jta.platform.internal.NoJtaPlatform]
]]></system-err>
  </testcase>
  <testcase name="contextUp" classname="db.ContextTest" time="0.279"/>
</testsuite>